mode: set
cleanarch/business/detail_fas/usecase.go:14.111,19.2 1 1
cleanarch/business/detail_fas/usecase.go:21.103,22.24 1 1
cleanarch/business/detail_fas/usecase.go:25.2,25.27 1 0
cleanarch/business/detail_fas/usecase.go:28.2,29.16 2 0
cleanarch/business/detail_fas/usecase.go:33.2,33.18 1 0
cleanarch/business/detail_fas/usecase.go:22.24,24.3 1 1
cleanarch/business/detail_fas/usecase.go:25.27,27.3 1 0
cleanarch/business/detail_fas/usecase.go:29.16,31.3 1 0
cleanarch/business/detail_fas/usecase.go:36.89,38.2 1 1
cleanarch/business/detail_fas/usecase.go:40.97,42.16 2 1
cleanarch/business/detail_fas/usecase.go:45.2,45.18 1 1
cleanarch/business/detail_fas/usecase.go:48.2,48.18 1 1
cleanarch/business/detail_fas/usecase.go:42.16,44.3 1 0
cleanarch/business/detail_fas/usecase.go:45.18,47.3 1 1
cleanarch/business/detail_fas/usecase.go:51.111,54.16 3 1
cleanarch/business/detail_fas/usecase.go:58.2,58.18 1 1
cleanarch/business/detail_fas/usecase.go:54.16,56.3 1 1
cleanarch/business/detail_fas/usecase.go:61.86,63.16 2 1
cleanarch/business/detail_fas/usecase.go:66.2,66.12 1 1
cleanarch/business/detail_fas/usecase.go:63.16,65.3 1 1
cleanarch/business/kost/usecase.go:14.96,19.2 1 1
cleanarch/business/kost/usecase.go:21.93,22.23 1 1
cleanarch/business/kost/usecase.go:25.2,25.28 1 0
cleanarch/business/kost/usecase.go:28.2,28.28 1 0
cleanarch/business/kost/usecase.go:31.2,31.26 1 0
cleanarch/business/kost/usecase.go:34.2,34.26 1 0
cleanarch/business/kost/usecase.go:37.2,37.25 1 0
cleanarch/business/kost/usecase.go:40.2,41.16 2 0
cleanarch/business/kost/usecase.go:45.2,45.18 1 0
cleanarch/business/kost/usecase.go:22.23,24.3 1 1
cleanarch/business/kost/usecase.go:25.28,27.3 1 0
cleanarch/business/kost/usecase.go:28.28,30.3 1 0
cleanarch/business/kost/usecase.go:31.26,33.3 1 0
cleanarch/business/kost/usecase.go:34.26,36.3 1 0
cleanarch/business/kost/usecase.go:37.25,39.3 1 0
cleanarch/business/kost/usecase.go:41.16,43.3 1 0
cleanarch/business/kost/usecase.go:48.79,50.2 1 1
cleanarch/business/kost/usecase.go:52.87,54.16 2 1
cleanarch/business/kost/usecase.go:57.2,57.18 1 1
cleanarch/business/kost/usecase.go:60.2,60.18 1 1
cleanarch/business/kost/usecase.go:54.16,56.3 1 0
cleanarch/business/kost/usecase.go:57.18,59.3 1 1
cleanarch/business/kost/usecase.go:63.101,66.16 3 1
cleanarch/business/kost/usecase.go:70.2,70.18 1 1
cleanarch/business/kost/usecase.go:66.16,68.3 1 1
cleanarch/business/kost/usecase.go:73.76,75.16 2 1
cleanarch/business/kost/usecase.go:78.2,78.12 1 1
cleanarch/business/kost/usecase.go:75.16,77.3 1 1
cleanarch/business/kost_fasilitas/usecase.go:14.110,19.2 1 1
cleanarch/business/kost_fasilitas/usecase.go:21.99,22.28 1 1
cleanarch/business/kost_fasilitas/usecase.go:26.2,28.16 2 0
cleanarch/business/kost_fasilitas/usecase.go:32.2,32.21 1 0
cleanarch/business/kost_fasilitas/usecase.go:22.28,24.3 1 1
cleanarch/business/kost_fasilitas/usecase.go:28.16,30.3 1 0
cleanarch/business/kost_fasilitas/usecase.go:35.85,37.2 1 1
cleanarch/business/kost_fasilitas/usecase.go:39.93,41.16 2 1
cleanarch/business/kost_fasilitas/usecase.go:44.2,44.21 1 1
cleanarch/business/kost_fasilitas/usecase.go:47.2,47.21 1 1
cleanarch/business/kost_fasilitas/usecase.go:41.16,43.3 1 0
cleanarch/business/kost_fasilitas/usecase.go:44.21,46.3 1 1
cleanarch/business/kost_fasilitas/usecase.go:50.107,53.16 3 1
cleanarch/business/kost_fasilitas/usecase.go:56.2,56.21 1 1
cleanarch/business/kost_fasilitas/usecase.go:53.16,55.3 1 1
cleanarch/business/kost_fasilitas/usecase.go:59.82,62.16 2 1
cleanarch/business/kost_fasilitas/usecase.go:66.2,66.12 1 1
cleanarch/business/kost_fasilitas/usecase.go:62.16,64.3 1 1
cleanarch/business/owner/usecase.go:14.101,19.2 1 1
cleanarch/business/owner/usecase.go:21.95,22.24 1 1
cleanarch/business/owner/usecase.go:25.2,25.24 1 0
cleanarch/business/owner/usecase.go:28.2,28.25 1 0
cleanarch/business/owner/usecase.go:32.2,34.16 2 0
cleanarch/business/owner/usecase.go:38.2,38.19 1 0
cleanarch/business/owner/usecase.go:22.24,24.3 1 1
cleanarch/business/owner/usecase.go:25.24,27.3 1 0
cleanarch/business/owner/usecase.go:28.25,30.3 1 0
cleanarch/business/owner/usecase.go:34.16,36.3 1 0
cleanarch/business/owner/usecase.go:41.81,43.2 1 1
cleanarch/business/owner/usecase.go:45.89,47.16 2 1
cleanarch/business/owner/usecase.go:50.2,50.19 1 1
cleanarch/business/owner/usecase.go:53.2,53.19 1 1
cleanarch/business/owner/usecase.go:47.16,49.3 1 0
cleanarch/business/owner/usecase.go:50.19,52.3 1 1
cleanarch/business/owner/usecase.go:56.103,59.16 3 1
cleanarch/business/owner/usecase.go:62.2,62.19 1 1
cleanarch/business/owner/usecase.go:59.16,61.3 1 1
cleanarch/business/owner/usecase.go:65.78,68.16 2 1
cleanarch/business/owner/usecase.go:72.2,72.12 1 1
cleanarch/business/owner/usecase.go:68.16,70.3 1 1
cleanarch/business/payment_method/usecase.go:14.115,19.2 1 1
cleanarch/business/payment_method/usecase.go:21.106,22.23 1 1
cleanarch/business/payment_method/usecase.go:25.2,25.23 1 0
cleanarch/business/payment_method/usecase.go:29.2,31.16 2 0
cleanarch/business/payment_method/usecase.go:35.2,35.28 1 0
cleanarch/business/payment_method/usecase.go:22.23,24.3 1 1
cleanarch/business/payment_method/usecase.go:25.23,27.3 1 0
cleanarch/business/payment_method/usecase.go:31.16,33.3 1 0
cleanarch/business/payment_method/usecase.go:38.92,40.2 1 1
cleanarch/business/payment_method/usecase.go:42.100,44.16 2 1
cleanarch/business/payment_method/usecase.go:47.2,47.28 1 1
cleanarch/business/payment_method/usecase.go:50.2,50.28 1 1
cleanarch/business/payment_method/usecase.go:44.16,46.3 1 0
cleanarch/business/payment_method/usecase.go:47.28,49.3 1 1
cleanarch/business/payment_method/usecase.go:53.114,56.16 3 1
cleanarch/business/payment_method/usecase.go:59.2,59.28 1 1
cleanarch/business/payment_method/usecase.go:56.16,58.3 1 1
cleanarch/business/payment_method/usecase.go:62.89,65.16 2 1
cleanarch/business/payment_method/usecase.go:69.2,69.12 1 1
cleanarch/business/payment_method/usecase.go:65.16,67.3 1 1
cleanarch/business/reservation/usecase.go:15.112,20.2 1 1
cleanarch/business/reservation/usecase.go:22.107,23.25 1 1
cleanarch/business/reservation/usecase.go:26.2,26.25 1 0
cleanarch/business/reservation/usecase.go:29.2,29.34 1 0
cleanarch/business/reservation/usecase.go:32.2,32.42 1 0
cleanarch/business/reservation/usecase.go:35.2,35.43 1 0
cleanarch/business/reservation/usecase.go:39.2,41.16 2 0
cleanarch/business/reservation/usecase.go:45.2,45.20 1 0
cleanarch/business/reservation/usecase.go:23.25,25.3 1 1
cleanarch/business/reservation/usecase.go:26.25,28.3 1 0
cleanarch/business/reservation/usecase.go:29.34,31.3 1 0
cleanarch/business/reservation/usecase.go:32.42,34.3 1 0
cleanarch/business/reservation/usecase.go:35.43,37.3 1 0
cleanarch/business/reservation/usecase.go:41.16,43.3 1 0
cleanarch/business/reservation/usecase.go:48.93,50.2 1 1
cleanarch/business/reservation/usecase.go:52.101,54.16 2 1
cleanarch/business/reservation/usecase.go:57.2,57.20 1 1
cleanarch/business/reservation/usecase.go:60.2,60.20 1 1
cleanarch/business/reservation/usecase.go:54.16,56.3 1 0
cleanarch/business/reservation/usecase.go:57.20,59.3 1 1
cleanarch/business/reservation/usecase.go:63.115,66.16 3 1
cleanarch/business/reservation/usecase.go:69.2,69.20 1 1
cleanarch/business/reservation/usecase.go:66.16,68.3 1 1
cleanarch/business/reservation/usecase.go:72.90,75.16 2 1
cleanarch/business/reservation/usecase.go:79.2,79.12 1 1
cleanarch/business/reservation/usecase.go:75.16,77.3 1 1
cleanarch/business/users/usecase.go:18.130,24.2 1 1
cleanarch/business/users/usecase.go:26.91,27.23 1 1
cleanarch/business/users/usecase.go:30.2,30.24 1 1
cleanarch/business/users/usecase.go:33.2,33.27 1 1
cleanarch/business/users/usecase.go:37.2,38.16 2 1
cleanarch/business/users/usecase.go:41.2,41.18 1 1
cleanarch/business/users/usecase.go:27.23,29.3 1 0
cleanarch/business/users/usecase.go:30.24,32.3 1 0
cleanarch/business/users/usecase.go:33.27,36.3 1 0
cleanarch/business/users/usecase.go:38.16,40.3 1 0
cleanarch/business/users/usecase.go:44.87,45.24 1 0
cleanarch/business/users/usecase.go:48.2,48.27 1 0
cleanarch/business/users/usecase.go:51.2,52.16 2 0
cleanarch/business/users/usecase.go:55.2,57.18 3 0
cleanarch/business/users/usecase.go:45.24,47.3 1 0
cleanarch/business/users/usecase.go:48.27,50.3 1 0
cleanarch/business/users/usecase.go:52.16,54.3 1 0
cleanarch/business/users/usecase.go:60.79,62.2 1 1
cleanarch/business/users/usecase.go:64.87,66.16 2 1
cleanarch/business/users/usecase.go:69.2,69.18 1 1
cleanarch/business/users/usecase.go:72.2,72.18 1 1
cleanarch/business/users/usecase.go:66.16,68.3 1 0
cleanarch/business/users/usecase.go:69.18,71.3 1 1
cleanarch/business/users/usecase.go:75.101,78.16 3 1
cleanarch/business/users/usecase.go:82.2,82.18 1 1
cleanarch/business/users/usecase.go:78.16,80.3 1 1
cleanarch/business/users/usecase.go:85.76,87.16 2 1
cleanarch/business/users/usecase.go:90.2,90.12 1 1
cleanarch/business/users/usecase.go:87.16,89.3 1 1
